This is pdfTeX, Version 3.141592653-2.6-1.40.29 (MiKTeX 26.5) (preloaded format=pdflatex 2026.6.23)  6 JUL 2026 15:14
entering extended mode
 restricted \write18 enabled.
 file:line:error style messages enabled.
 %&-line parsing enabled.
**c:/proyectos/All-Things-Cybersecurity/latex/ods/ods_etsinf_latex/latex/ods_etsinf_anexo.tex
(c:/proyectos/All-Things-Cybersecurity/latex/ods/ods_etsinf_latex/latex/ods_etsinf_anexo.tex
LaTeX2e <2026-06-01>
L3 programming layer <2026-05-26>
(C:\Users\laver\AppData\Local\Programs\MiKTeX\tex/latex/base\article.cls
Document Class: article 2025/01/22 v1.4n Standard LaTeX document class
(C:\Users\laver\AppData\Local\Programs\MiKTeX\tex/latex/base\size11.clo
File: size11.clo 2025/01/22 v1.4n Standard LaTeX file (size option)
)
\c@part=\count276
\c@section=\count277
\c@subsection=\count278
\c@subsubsection=\count279
\c@paragraph=\count280
\c@subparagraph=\count281
\c@figure=\count282
\c@table=\count283
\abovecaptionskip=\skip49
\belowcaptionskip=\skip50
\bibindent=\dimen150
) (ods_etsinf.sty (C:\Users\laver\AppData\Local\Programs\MiKTeX\tex/latex/graphics\graphics.sty
Package: graphics 2026-05-17 v1.4h Standard LaTeX Graphics (DPC,SPQR)
 (C:\Users\laver\AppData\Local\Programs\MiKTeX\tex/latex/graphics\trig.sty
Package: trig 2023/12/02 v1.11 sin cos tan (DPC)
) (C:\Users\laver\AppData\Local\Programs\MiKTeX\tex/latex/graphics-cfg\graphics.cfg
File: graphics.cfg 2016/06/04 v1.11 sample graphics configuration
)
Package graphics Info: Driver file: pdftex.def on input line 106.
 (C:\Users\laver\AppData\Local\Programs\MiKTeX\tex/latex/graphics-def\pdftex.def
File: pdftex.def 2025/09/29 v1.2d Graphics/color driver for pdftex
)) (C:\Users\laver\AppData\Local\Programs\MiKTeX\tex/latex/fancyhdr\fancyhdr.sty
Package: fancyhdr 2025/02/07 v5.2 Extensive control of page headers and footers
\f@nch@headwidth=\skip51
\f@nch@offset@elh=\skip52
\f@nch@offset@erh=\skip53
\f@nch@offset@olh=\skip54
\f@nch@offset@orh=\skip55
\f@nch@offset@elf=\skip56
\f@nch@offset@erf=\skip57
\f@nch@offset@olf=\skip58
\f@nch@offset@orf=\skip59
\f@nch@height=\skip60
\f@nch@footalignment=\skip61
\f@nch@widthL=\skip62
\f@nch@widthC=\skip63
\f@nch@widthR=\skip64
\@temptokenb=\toks17
)) (C:\Users\laver\AppData\Local\Programs\MiKTeX\tex/latex/l3backend\l3backend-pdftex.def
File: l3backend-pdftex.def 2026-02-18 L3 backend support: PDF output (pdfTeX)
\l__color_backend_stack_int=\count284
) (ods_etsinf_anexo.aux)
\openout1 = `ods_etsinf_anexo.aux'.

LaTeX Font Info:    Checking defaults for OML/cmm/m/it on input line 5.
LaTeX Font Info:    ... okay on input line 5.
LaTeX Font Info:    Checking defaults for OMS/cmsy/m/n on input line 5.
LaTeX Font Info:    ... okay on input line 5.
LaTeX Font Info:    Checking defaults for OT1/cmr/m/n on input line 5.
LaTeX Font Info:    ... okay on input line 5.
LaTeX Font Info:    Checking defaults for T1/cmr/m/n on input line 5.
LaTeX Font Info:    ... okay on input line 5.
LaTeX Font Info:    Checking defaults for TS1/cmr/m/n on input line 5.
LaTeX Font Info:    ... okay on input line 5.
LaTeX Font Info:    Checking defaults for OMX/cmex/m/n on input line 5.
LaTeX Font Info:    ... okay on input line 5.
LaTeX Font Info:    Checking defaults for U/cmr/m/n on input line 5.
LaTeX Font Info:    ... okay on input line 5.
 (C:\Users\laver\AppData\Local\Programs\MiKTeX\tex/context/base/mkii\supp-pdf.mkii
[Loading MPS to PDF converter (version 2006.09.02).]
\scratchcounter=\count285
\scratchdimen=\dimen151
\scratchbox=\box53
\nofMPsegments=\count286
\nofMParguments=\count287
\everyMPshowfont=\toks18
\MPscratchCnt=\count288
\MPscratchDim=\dimen152
\MPnumerator=\count289
\makeMPintoPDFobject=\count290
\everyMPtoPDFconversion=\toks19
) (C:\Users\laver\AppData\Local\Programs\MiKTeX\tex/latex/epstopdf-pkg\epstopdf-base.sty
Package: epstopdf-base 2020-01-24 v2.11 Base part for package epstopdf
Package epstopdf-base Info: Redefining graphics rule for `.eps' on input line 485.
 (C:\Users\laver\AppData\Local\Programs\MiKTeX\tex/latex/00miktex\epstopdf-sys.cfg
File: epstopdf-sys.cfg 2021/03/18 v2.0 Configuration of epstopdf for MiKTeX
))
LaTeX Font Info:    External font `cmex10' loaded for size
(Font)              <10.95> on input line 23.
LaTeX Font Info:    External font `cmex10' loaded for size
(Font)              <8> on input line 23.
LaTeX Font Info:    External font `cmex10' loaded for size
(Font)              <6> on input line 23.

Overfull \hbox (3.82034pt too wide) in paragraph at lines 23--44
[][] 
 []

<figures/upv.jpg, id=1, 143.5764pt x 56.8524pt>
File: figures/upv.jpg Graphic file (type jpg)
<use figures/upv.jpg>
Package pdftex.def Info: figures/upv.jpg  used on input line 45.
(pdftex.def)             Requested size: 143.57603pt x 56.85225pt.
<figures/etsinf_ods.png, id=2, 1203.49625pt x 1204.5pt>
File: figures/etsinf_ods.png Graphic file (type png)
<use figures/etsinf_ods.png>
Package pdftex.def Info: figures/etsinf_ods.png  used on input line 45.
(pdftex.def)             Requested size: 1203.49332pt x 1204.49707pt.

Package fancyhdr Warning: \headheight is too small (12.0pt): 
(fancyhdr)                Make it at least 47.89597pt, for example:
(fancyhdr)                \setlength{\headheight}{47.89597pt}.
(fancyhdr)                You might also make \topmargin smaller:
(fancyhdr)                \addtolength{\topmargin}{-35.89597pt}.

<figures/etsinf_foot.jpg, id=4, 341.1144pt x 148.6353pt>
File: figures/etsinf_foot.jpg Graphic file (type jpg)
<use figures/etsinf_foot.jpg>
Package pdftex.def Info: figures/etsinf_foot.jpg  used on input line 45.
(pdftex.def)             Requested size: 341.11354pt x 148.63493pt.

Underfull \hbox (badness 10000) has occurred while \output is active

 []

<figures/euroinf.jpg, id=5, 2023.56pt x 1759.5336pt>
File: figures/euroinf.jpg Graphic file (type jpg)
<use figures/euroinf.jpg>
Package pdftex.def Info: figures/euroinf.jpg  used on input line 45.
(pdftex.def)             Requested size: 2023.55507pt x 1759.52933pt.

Overfull \hbox (29.45746pt too wide) has occurred while \output is active
[][] 
 []


Package fancyhdr Warning: \footskip is too small (30.0pt): 
(fancyhdr)                Make it at least 44.36485pt, for example:
(fancyhdr)                \setlength{\footskip}{44.36485pt}.

[1

{C:/Users/laver/AppData/Local/MiKTeX/fonts/map/pdftex/pdftex.map} <./figures/upv.jpg> <./figures/etsinf_ods.png> <./figures/etsinf_foot.jpg> <./figures/euroinf.jpg>]
File: figures/upv.jpg Graphic file (type jpg)
<use figures/upv.jpg>
Package pdftex.def Info: figures/upv.jpg  used on input line 58.
(pdftex.def)             Requested size: 143.57603pt x 56.85225pt.
File: figures/etsinf_ods.png Graphic file (type png)
<use figures/etsinf_ods.png>
Package pdftex.def Info: figures/etsinf_ods.png  used on input line 58.
(pdftex.def)             Requested size: 1203.49332pt x 1204.49707pt.


Package fancyhdr Warning: \headheight is too small (12.0pt): 
(fancyhdr)                Make it at least 47.89597pt, for example:
(fancyhdr)                \setlength{\headheight}{47.89597pt}.
(fancyhdr)                You might also make \topmargin smaller:
(fancyhdr)                \addtolength{\topmargin}{-35.89597pt}.

File: figures/etsinf_foot.jpg Graphic file (type jpg)
<use figures/etsinf_foot.jpg>
Package pdftex.def Info: figures/etsinf_foot.jpg  used on input line 58.
(pdftex.def)             Requested size: 341.11354pt x 148.63493pt.

Underfull \hbox (badness 10000) has occurred while \output is active

 []

File: figures/euroinf.jpg Graphic file (type jpg)
<use figures/euroinf.jpg>
Package pdftex.def Info: figures/euroinf.jpg  used on input line 58.
(pdftex.def)             Requested size: 2023.55507pt x 1759.52933pt.

Overfull \hbox (29.45746pt too wide) has occurred while \output is active
[][] 
 []


Package fancyhdr Warning: \footskip is too small (30.0pt): 
(fancyhdr)                Make it at least 44.36485pt, for example:
(fancyhdr)                \setlength{\footskip}{44.36485pt}.

[2] (ods_etsinf_anexo.aux)
 ***********
LaTeX2e <2026-06-01>
L3 programming layer <2026-05-26>
 ***********
 ) 
Here is how much of TeX's memory you used:
 1593 strings out of 467509
 27572 string characters out of 5408780
 453365 words of memory out of 5000000
 30867 multiletter control sequences out of 15000+600000
 631719 words of font info for 53 fonts, out of 8000000 for 9000
 1141 hyphenation exceptions out of 8191
 57i,16n,68p,265b,422s stack positions out of 10000i,1000n,20000p,200000b,200000s
<C:/Users/laver/AppData/Local/Programs/MiKTeX/fonts/type1/public/amsfonts/cm/cmbx10.pfb><C:/Users/laver/AppData/Local/Programs/MiKTeX/fonts/type1/public/amsfonts/cm/cmbx12.pfb><C:/Users/laver/AppData/Local/Programs/MiKTeX/fonts/type1/public/amsfonts/cm/cmr10.pfb><C:/Users/laver/AppData/Local/Programs/MiKTeX/fonts/type1/public/amsfonts/cm/cmr8.pfb><C:/Users/laver/AppData/Local/Programs/MiKTeX/fonts/type1/public/amsfonts/cm/cmti10.pfb>
Output written on ods_etsinf_anexo.pdf (2 pages, 2396641 bytes).
PDF statistics:
 40 PDF objects out of 1000 (max. 8388607)
 0 named destinations out of 1000 (max. 500000)
 21 words of extra memory for PDF output out of 10000 (max. 10000000)

